<?xml version="1.0" encoding="UTF-8"?>
<!-- Generated by org.testng.reporters.JUnitXMLReporter -->
<testsuite hostname="DESKTOP-UHTQ991" ignored="0" name="Default test" tests="4" failures="0" timestamp="2020-07-29T10:42:37 EDT" time="27.906" errors="0">
  <testcase name="titleVerification" time="0.01" classname="demo.MultipleValidations"/>
  <testcase name="verifyText" time="0.024" classname="demo.MultipleValidations"/>
  <testcase name="verifyMaleRadioBtn" time="0.016" classname="demo.MultipleValidations"/>
  <testcase name="verifySignUpBtn" time="0.015" classname="demo.MultipleValidations"/>
</testsuite> <!-- Default test -->
