<?xml version="1.0" encoding="UTF-8"?>
<!-- Generated by org.testng.reporters.JUnitXMLReporter -->
<testsuite hostname="DESKTOP-UHTQ991" ignored="0" name="ChromeTest" tests="4" failures="0" timestamp="2020-07-22T16:44:24 EDT" time="30.538" errors="0">
  <testcase name="titleVerification" time="0.009" classname="demo.CBT"/>
  <testcase name="verifyText" time="0.022" classname="demo.CBT"/>
  <testcase name="verifyMaleRadioBtn" time="0.022" classname="demo.CBT"/>
  <testcase name="verifySignUpBtn" time="0.017" classname="demo.CBT"/>
</testsuite> <!-- ChromeTest -->
