<?xml version="1.0" encoding="UTF-8"?>
<!-- Generated by org.testng.reporters.JUnitXMLReporter -->
<testsuite hostname="DESKTOP-UHTQ991" ignored="0" name="EdgeTest" tests="4" failures="0" timestamp="2020-07-22T16:44:22 EDT" time="28.769" errors="0">
  <testcase name="titleVerification" time="0.008" classname="demo.CBT"/>
  <testcase name="verifyText" time="0.02" classname="demo.CBT"/>
  <testcase name="verifyMaleRadioBtn" time="0.017" classname="demo.CBT"/>
  <testcase name="verifySignUpBtn" time="0.021" classname="demo.CBT"/>
</testsuite> <!-- EdgeTest -->
