<?xml version="1.0" encoding="UTF-8"?>
<!-- Generated by org.testng.reporters.JUnitXMLReporter -->
<testsuite hostname="DESKTOP-UHTQ991" ignored="0" name="FFTest" tests="4" failures="0" timestamp="2020-07-22T16:44:02 EDT" time="9.123" errors="0">
  <testcase name="titleVerification" time="0.008" classname="demo.CBT"/>
  <testcase name="verifyText" time="0.022" classname="demo.CBT"/>
  <testcase name="verifyMaleRadioBtn" time="0.011" classname="demo.CBT"/>
  <testcase name="verifySignUpBtn" time="0.012" classname="demo.CBT"/>
</testsuite> <!-- FFTest -->
