<?xml version="1.0" encoding="UTF-8"?>
<!-- Generated by org.testng.reporters.JUnitXMLReporter -->
<testsuite hostname="DESKTOP-UHTQ991" ignored="0" name="IETest" tests="4" failures="0" timestamp="2020-07-22T16:43:59 EDT" time="5.984" errors="0">
  <testcase name="titleVerification" time="0.018" classname="demo.CBT"/>
  <testcase name="verifyText" time="0.195" classname="demo.CBT"/>
  <testcase name="verifyMaleRadioBtn" time="0.108" classname="demo.CBT"/>
  <testcase name="verifySignUpBtn" time="0.126" classname="demo.CBT"/>
</testsuite> <!-- IETest -->
