<?xml version="1.0" encoding="UTF-8"?>
<!-- Generated by org.testng.reporters.JUnitXMLReporter -->
<testsuite hostname="DESKTOP-UHTQ991" ignored="0" name="Test" tests="4" failures="0" timestamp="2020-07-29T10:52:39 EDT" time="11.519" errors="0">
  <testcase name="titleVerification" time="0.01" classname="demo.MultipleValidations"/>
  <testcase name="verifyText" time="0.024" classname="demo.MultipleValidations"/>
  <testcase name="verifyMaleRadioBtn" time="0.017" classname="demo.MultipleValidations"/>
  <testcase name="verifySignUpBtn" time="0.017" classname="demo.MultipleValidations"/>
</testsuite> <!-- Test -->
